{"level":50,"time":1722064515927,"pid":24772,"hostname":"Surelle","msg":"foo is not defined"}
{"level":50,"time":1722064550932,"pid":8496,"hostname":"Surelle","msg":"foo is not defined"}
{"level":50,"time":1722064554558,"pid":8496,"hostname":"Surelle","msg":"foo is not defined"}
{"level":50,"time":1722064929833,"pid":16328,"hostname":"Surelle","msg":"ReferenceError: userss is not defined\n    at Controller.getAllUsers (C:\\Users\\0110h\\Desktop\\Zentinel Core\\Zentinel Base\\app\\controllers\\User.Controller.js:76:24)\n    at process.processTicksAndRejections (node:internal/process/task_queues:95:5)"}
{"level":50,"time":1722064984439,"pid":15348,"hostname":"Surelle","msg":"ReferenceError: userss is not defined\n    at Controller.getAllUsers (C:\\Users\\0110h\\Desktop\\Zentinel Core\\Zentinel Base\\app\\controllers\\User.Controller.js:76:24)\n    at process.processTicksAndRejections (node:internal/process/task_queues:95:5)"}
{"level":50,"time":1722065029399,"pid":19616,"hostname":"Surelle","msg":"ReferenceError: userss is not defined\n    at Controller.getAllUsers (C:\\Users\\0110h\\Desktop\\Zentinel Core\\Zentinel Base\\app\\controllers\\User.Controller.js:76:24)\n    at process.processTicksAndRejections (node:internal/process/task_queues:95:5)"}
{"level":50,"time":1722065036760,"pid":24212,"hostname":"Surelle","msg":"ReferenceError: userss is not defined\n    at Controller.getAllUsers (C:\\Users\\0110h\\Desktop\\Zentinel Core\\Zentinel Base\\app\\controllers\\User.Controller.js:76:24)\n    at process.processTicksAndRejections (node:internal/process/task_queues:95:5)"}
{"level":50,"time":1722065039467,"pid":24212,"hostname":"Surelle","msg":"ReferenceError: userss is not defined\n    at Controller.getAllUsers (C:\\Users\\0110h\\Desktop\\Zentinel Core\\Zentinel Base\\app\\controllers\\User.Controller.js:76:24)\n    at process.processTicksAndRejections (node:internal/process/task_queues:95:5)"}
{"level":50,"time":1722065040233,"pid":24212,"hostname":"Surelle","msg":"ReferenceError: userss is not defined\n    at Controller.getAllUsers (C:\\Users\\0110h\\Desktop\\Zentinel Core\\Zentinel Base\\app\\controllers\\User.Controller.js:76:24)\n    at process.processTicksAndRejections (node:internal/process/task_queues:95:5)"}
{"level":50,"time":1722065040967,"pid":24212,"hostname":"Surelle","msg":"ReferenceError: userss is not defined\n    at Controller.getAllUsers (C:\\Users\\0110h\\Desktop\\Zentinel Core\\Zentinel Base\\app\\controllers\\User.Controller.js:76:24)\n    at process.processTicksAndRejections (node:internal/process/task_queues:95:5)"}
{"level":50,"time":1722065042822,"pid":24212,"hostname":"Surelle","msg":"ReferenceError: userss is not defined\n    at Controller.getAllUsers (C:\\Users\\0110h\\Desktop\\Zentinel Core\\Zentinel Base\\app\\controllers\\User.Controller.js:76:24)\n    at process.processTicksAndRejections (node:internal/process/task_queues:95:5)"}
{"level":50,"time":1722065043555,"pid":24212,"hostname":"Surelle","msg":"ReferenceError: userss is not defined\n    at Controller.getAllUsers (C:\\Users\\0110h\\Desktop\\Zentinel Core\\Zentinel Base\\app\\controllers\\User.Controller.js:76:24)\n    at process.processTicksAndRejections (node:internal/process/task_queues:95:5)"}
{"level":50,"time":1722065054190,"pid":24380,"hostname":"Surelle","msg":"ReferenceError: userss is not defined\n    at Controller.getAllUsers (C:\\Users\\0110h\\Desktop\\Zentinel Core\\Zentinel Base\\app\\controllers\\User.Controller.js:76:24)\n    at process.processTicksAndRejections (node:internal/process/task_queues:95:5)"}
{"level":50,"time":1722065085075,"pid":11080,"hostname":"Surelle","msg":"ReferenceError: userss is not defined\n    at Controller.getAllUsers (C:\\Users\\0110h\\Desktop\\Zentinel Core\\Zentinel Base\\app\\controllers\\User.Controller.js:76:24)\n    at process.processTicksAndRejections (node:internal/process/task_queues:95:5)"}
{"level":50,"time":1722067937928,"pid":16728,"hostname":"Surelle","msg":"ReferenceError: CustomError is not defined\n    at Controller.getUser (C:\\Users\\0110h\\Desktop\\Zentinel Core\\Zentinel Base\\app\\controllers\\User.Controller.js:49:4)\n    at process.processTicksAndRejections (node:internal/process/task_queues:95:5)"}
{"level":50,"time":1722067943494,"pid":21464,"hostname":"Surelle","msg":"ReferenceError: CustomError is not defined\n    at Controller.getUser (C:\\Users\\0110h\\Desktop\\Zentinel Core\\Zentinel Base\\app\\controllers\\User.Controller.js:49:4)\n    at process.processTicksAndRejections (node:internal/process/task_queues:95:5)"}
{"level":50,"time":1722067944782,"pid":21464,"hostname":"Surelle","msg":"ReferenceError: CustomError is not defined\n    at Controller.getUser (C:\\Users\\0110h\\Desktop\\Zentinel Core\\Zentinel Base\\app\\controllers\\User.Controller.js:49:4)\n    at process.processTicksAndRejections (node:internal/process/task_queues:95:5)"}
{"level":50,"time":1722068066867,"pid":1992,"hostname":"Surelle","msg":"ReferenceError: NotFoundError is not defined\n    at Controller.getUser (C:\\Users\\0110h\\Desktop\\Zentinel Core\\Zentinel Base\\app\\controllers\\User.Controller.js:49:4)\n    at process.processTicksAndRejections (node:internal/process/task_queues:95:5)"}
{"level":50,"time":1722068146123,"pid":20980,"hostname":"Surelle","msg":"ReferenceError: NotFoundError is not defined\n    at Controller.getUser (C:\\Users\\0110h\\Desktop\\Zentinel Core\\Zentinel Base\\app\\controllers\\User.Controller.js:49:4)\n    at process.processTicksAndRejections (node:internal/process/task_queues:95:5)"}
{"level":50,"time":1722068183041,"pid":7936,"hostname":"Surelle","msg":"ReferenceError: NotFoundError is not defined\n    at Controller.getUser (C:\\Users\\0110h\\Desktop\\Zentinel Core\\Zentinel Base\\app\\controllers\\User.Controller.js:49:4)\n    at process.processTicksAndRejections (node:internal/process/task_queues:95:5)"}
{"level":50,"time":1722068195671,"pid":13320,"hostname":"Surelle","msg":"ReferenceError: NotFoundError is not defined\n    at Controller.getUser (C:\\Users\\0110h\\Desktop\\Zentinel Core\\Zentinel Base\\app\\controllers\\User.Controller.js:49:4)\n    at process.processTicksAndRejections (node:internal/process/task_queues:95:5)"}
{"level":50,"time":1722068226402,"pid":5364,"hostname":"Surelle","msg":"ReferenceError: NotFoundError is not defined\n    at Controller.getUser (C:\\Users\\0110h\\Desktop\\Zentinel Core\\Zentinel Base\\app\\controllers\\User.Controller.js:49:4)\n    at process.processTicksAndRejections (node:internal/process/task_queues:95:5)"}
{"level":50,"time":1722068377007,"pid":1460,"hostname":"Surelle","msg":"ReferenceError: NotFoundError is not defined\n    at Controller.getUser (C:\\Users\\0110h\\Desktop\\Zentinel Core\\Zentinel Base\\app\\controllers\\User.Controller.js:49:4)\n    at process.processTicksAndRejections (node:internal/process/task_queues:95:5)"}
{"level":50,"time":1722068456373,"pid":24584,"hostname":"Surelle","msg":"ReferenceError: NotFoundError is not defined\n    at Controller.getUser (C:\\Users\\0110h\\Desktop\\Zentinel Core\\Zentinel Base\\app\\controllers\\User.Controller.js:49:4)\n    at process.processTicksAndRejections (node:internal/process/task_queues:95:5)"}
{"level":50,"time":1722068609268,"pid":3468,"hostname":"Surelle","msg":"ReferenceError: NotFoundError is not defined\n    at Controller.getUser (C:\\Users\\0110h\\Desktop\\Zentinel Core\\Zentinel Base\\app\\controllers\\User.Controller.js:49:4)\n    at process.processTicksAndRejections (node:internal/process/task_queues:95:5)"}
{"level":50,"time":1722069894067,"pid":1988,"hostname":"Surelle","msg":"NotFoundError: User not found\n    at Controller.getUser (C:\\Users\\0110h\\Desktop\\Zentinel Core\\Zentinel Base\\app\\controllers\\User.Controller.js:50:10)\n    at process.processTicksAndRejections (node:internal/process/task_queues:95:5)"}
{"level":50,"time":1722069954801,"pid":21332,"hostname":"Surelle","msg":"NotFoundError: User not found\n    at Controller.getUser (C:\\Users\\0110h\\Desktop\\Zentinel Core\\Zentinel Base\\app\\controllers\\User.Controller.js:50:10)\n    at process.processTicksAndRejections (node:internal/process/task_queues:95:5)"}
{"level":50,"time":1722070056634,"pid":3328,"hostname":"Surelle","msg":"NotFoundError: User not found\n    at Controller.getUser (C:\\Users\\0110h\\Desktop\\Zentinel Core\\Zentinel Base\\app\\controllers\\User.Controller.js:50:10)\n    at process.processTicksAndRejections (node:internal/process/task_queues:95:5)"}
{"level":50,"time":1722070081302,"pid":24936,"hostname":"Surelle","msg":"NotFoundError: User not found\n    at Controller.getUser (C:\\Users\\0110h\\Desktop\\Zentinel Core\\Zentinel Base\\app\\controllers\\User.Controller.js:50:10)\n    at process.processTicksAndRejections (node:internal/process/task_queues:95:5)"}
{"level":50,"time":1722070138847,"pid":16796,"hostname":"Surelle","msg":"NotFoundError: User not found\n    at Controller.getUser (C:\\Users\\0110h\\Desktop\\Zentinel Core\\Zentinel Base\\app\\controllers\\User.Controller.js:50:10)\n    at process.processTicksAndRejections (node:internal/process/task_queues:95:5)"}
{"level":50,"time":1722070200651,"pid":6972,"hostname":"Surelle","msg":"NotFoundError: User not found\n    at Controller.getUser (C:\\Users\\0110h\\Desktop\\Zentinel Core\\Zentinel Base\\app\\controllers\\User.Controller.js:50:10)\n    at process.processTicksAndRejections (node:internal/process/task_queues:95:5)"}
{"level":50,"time":1722070213318,"pid":24936,"hostname":"Surelle"}
{"level":50,"time":1722070223611,"pid":1932,"hostname":"Surelle","msg":404}
{"level":50,"time":1722129977777,"pid":11196,"hostname":"Surelle","msg":"The CORS policy for this site does not allow access from the specified Origin."}
{"level":50,"time":1722131793247,"pid":10028,"hostname":"Surelle","msg":"Access denied to IP address: ::ffff:127.0.0.1"}
{"level":50,"time":1722152021250,"pid":14356,"hostname":"Surelle","msg":"maintenanceMode is not defined"}
{"level":50,"time":1722152022920,"pid":14356,"hostname":"Surelle","msg":"maintenanceMode is not defined"}
{"level":50,"time":1722152024153,"pid":14356,"hostname":"Surelle","msg":"maintenanceMode is not defined"}
{"level":50,"time":1722154368537,"pid":16284,"hostname":"Surelle","msg":"app.env.MAINTENANCE_MODE is not a function"}
{"level":50,"time":1722154369811,"pid":16284,"hostname":"Surelle","msg":"app.env.MAINTENANCE_MODE is not a function"}
{"level":50,"time":1722154477803,"pid":10596,"hostname":"Surelle","msg":"app.env.MAINTENANCE_MODE.toLowercase is not a function"}
{"level":50,"time":1722154479121,"pid":10596,"hostname":"Surelle","msg":"app.env.MAINTENANCE_MODE.toLowercase is not a function"}
{"level":50,"time":1722258316746,"pid":21952,"hostname":"Surelle","msg":"ENOENT: no such file or directory, open 'C:\\Users\\0110h\\Desktop\\Zentinel Core\\Zentinel Base\\uploads\\1722258316744.cpp'"}
{"level":50,"time":1722258448026,"pid":21756,"hostname":"Surelle","msg":"ENOENT: no such file or directory, open 'C:\\Users\\0110h\\Desktop\\Zentinel Core\\Zentinel Base\\config\\uploads\\1722258448025.cpp'"}
{"level":50,"time":1722258464719,"pid":21756,"hostname":"Surelle","msg":"ENOENT: no such file or directory, open 'C:\\Users\\0110h\\Desktop\\Zentinel Core\\Zentinel Base\\config\\uploads\\1722258464718.docx'"}
{"level":50,"time":1722258503288,"pid":15768,"hostname":"Surelle","msg":"ENOENT: no such file or directory, open 'C:\\Users\\0110h\\Desktop\\Zentinel Core\\Zentinel Base\\config\\uploads\\1722258503285.cpp'"}
